TN:
SF:index.js
FN:15,(anonymous_0)
FN:18,(anonymous_1)
FN:27,(anonymous_2)
FN:35,(anonymous_3)
FNF:4
FNH:2
FNDA:1,(anonymous_0)
FNDA:0,(anonymous_1)
FNDA:0,(anonymous_2)
FNDA:1,(anonymous_3)
DA:1,1
DA:2,1
DA:3,1
DA:4,1
DA:5,1
DA:6,1
DA:7,1
DA:8,1
DA:9,1
DA:10,1
DA:12,1
DA:16,1
DA:18,0
DA:20,1
DA:21,1
DA:22,1
DA:23,1
DA:24,1
DA:25,1
DA:27,1
DA:28,0
DA:31,1
DA:32,1
DA:33,1
DA:35,1
DA:36,1
LF:26
LH:24
BRF:0
BRH:0
end_of_record
TN:
SF:controllers\auth.js
FN:5,(anonymous_0)
FN:45,(anonymous_1)
FN:50,(anonymous_2)
FN:81,(anonymous_3)
FN:99,(anonymous_4)
FN:115,(anonymous_5)
FN:126,(anonymous_6)
FNF:7
FNH:7
FNDA:1,(anonymous_0)
FNDA:2,(anonymous_1)
FNDA:2,(anonymous_2)
FNDA:1,(anonymous_3)
FNDA:1,(anonymous_4)
FNDA:1,(anonymous_5)
FNDA:1,(anonymous_6)
DA:1,1
DA:2,1
DA:3,1
DA:5,1
DA:6,1
DA:7,1
DA:8,1
DA:9,1
DA:11,0
DA:12,0
DA:16,0
DA:18,0
DA:19,0
DA:21,0
DA:22,0
DA:27,0
DA:35,1
DA:40,0
DA:41,0
DA:45,1
DA:46,2
DA:47,2
DA:48,2
DA:50,2
DA:51,2
DA:52,2
DA:53,2
DA:55,2
DA:56,1
DA:57,1
DA:62,1
DA:70,1
DA:73,0
DA:77,0
DA:81,1
DA:82,1
DA:83,1
DA:84,1
DA:85,1
DA:87,1
DA:95,0
DA:99,1
DA:100,1
DA:101,1
DA:102,1
DA:103,1
DA:111,0
DA:115,1
DA:116,1
DA:117,1
DA:118,1
DA:121,0
DA:122,0
DA:126,1
DA:128,1
DA:129,1
DA:131,1
DA:132,1
DA:135,1
DA:136,1
DA:139,1
DA:141,1
DA:143,1
DA:144,0
DA:147,1
DA:148,1
DA:153,1
DA:154,1
DA:157,1
DA:158,1
DA:159,1
DA:168,0
DA:169,0
LF:73
LH:54
BRDA:9,0,0,0
BRDA:9,0,1,1
BRDA:46,1,0,2
BRDA:46,1,1,0
BRDA:51,2,0,2
BRDA:51,2,1,0
BRDA:55,3,0,1
BRDA:55,3,1,1
BRDA:131,4,0,1
BRDA:131,4,1,0
BRDA:135,5,0,1
BRDA:135,5,1,0
BRDA:139,6,0,1
BRDA:139,6,1,0
BRDA:139,7,0,1
BRDA:139,7,1,1
BRDA:143,8,0,0
BRDA:143,8,1,1
BRF:18
BRH:11
end_of_record
TN:
SF:controllers\blogs.js
FN:3,(anonymous_0)
FN:25,(anonymous_1)
FN:35,(anonymous_2)
FN:45,(anonymous_3)
FN:55,(anonymous_4)
FN:81,(anonymous_5)
FN:110,(anonymous_6)
FN:124,(anonymous_7)
FNF:8
FNH:7
FNDA:1,(anonymous_0)
FNDA:1,(anonymous_1)
FNDA:1,(anonymous_2)
FNDA:2,(anonymous_3)
FNDA:2,(anonymous_4)
FNDA:1,(anonymous_5)
FNDA:0,(anonymous_6)
FNDA:1,(anonymous_7)
DA:1,1
DA:3,1
DA:4,1
DA:5,1
DA:6,1
DA:8,1
DA:15,1
DA:17,1
DA:20,0
DA:21,0
DA:25,1
DA:26,1
DA:27,1
DA:28,1
DA:31,0
DA:35,1
DA:36,1
DA:37,1
DA:38,0
DA:41,1
DA:45,1
DA:46,2
DA:47,2
DA:48,1
DA:51,1
DA:55,1
DA:56,2
DA:58,2
DA:60,1
DA:61,1
DA:63,1
DA:64,1
DA:66,1
DA:67,1
DA:69,1
DA:70,1
DA:73,1
DA:74,1
DA:77,1
DA:81,1
DA:82,1
DA:83,1
DA:85,1
DA:86,1
DA:88,1
DA:92,1
DA:94,0
DA:98,0
DA:103,0
DA:106,0
DA:110,1
DA:111,0
DA:112,0
DA:116,0
DA:119,0
DA:120,0
DA:124,1
DA:125,1
DA:126,1
DA:128,1
DA:130,1
DA:137,1
DA:141,0
DA:144,0
DA:145,0
LF:65
LH:49
BRDA:60,0,0,1
BRDA:60,0,1,0
BRDA:63,1,0,1
BRDA:63,1,1,0
BRDA:66,2,0,1
BRDA:66,2,1,0
BRDA:69,3,0,1
BRDA:69,3,1,0
BRDA:85,4,0,1
BRDA:85,4,1,0
BRDA:86,5,0,1
BRDA:86,5,1,0
BRDA:128,6,0,1
BRDA:128,6,1,0
BRF:14
BRH:7
end_of_record
TN:
SF:controllers\message.js
FN:4,(anonymous_0)
FN:16,(anonymous_1)
FNF:2
FNH:2
FNDA:1,(anonymous_0)
FNDA:1,(anonymous_1)
DA:1,1
DA:2,1
DA:4,1
DA:5,1
DA:6,1
DA:7,1
DA:9,1
DA:12,0
DA:16,1
DA:17,1
DA:18,1
DA:20,1
DA:21,0
DA:23,1
DA:25,1
DA:28,0
LF:16
LH:13
BRDA:20,0,0,0
BRDA:20,0,1,1
BRF:2
BRH:1
end_of_record
TN:
SF:middlewares\authCheck,.js
FN:3,(anonymous_0)
FN:11,(anonymous_1)
FNF:2
FNH:2
FNDA:19,(anonymous_0)
FNDA:14,(anonymous_1)
DA:1,1
DA:3,1
DA:4,19
DA:5,19
DA:6,5
DA:9,14
DA:10,14
DA:11,14
DA:12,14
DA:13,9
DA:14,9
DA:16,5
DA:17,5
DA:22,0
LF:14
LH:13
BRDA:5,0,0,5
BRDA:5,0,1,14
BRDA:12,1,0,9
BRDA:12,1,1,5
BRDA:16,2,0,5
BRDA:16,2,1,0
BRF:6
BRH:5
end_of_record
TN:
SF:middlewares\getLoggedUser.js
FN:3,(anonymous_0)
FN:12,(anonymous_1)
FNF:2
FNH:2
FNDA:3,(anonymous_0)
FNDA:2,(anonymous_1)
DA:1,1
DA:3,1
DA:4,3
DA:5,3
DA:6,3
DA:7,1
DA:10,2
DA:11,2
DA:12,2
DA:13,2
DA:15,1
DA:16,1
DA:18,1
DA:19,1
DA:24,0
LF:15
LH:14
BRDA:6,0,0,1
BRDA:6,0,1,2
BRDA:13,1,0,1
BRDA:13,1,1,1
BRDA:18,2,0,1
BRDA:18,2,1,0
BRF:6
BRH:5
end_of_record
TN:
SF:models\blogs.js
FN:47,(anonymous_0)
FNF:1
FNH:1
FNDA:4,(anonymous_0)
DA:1,1
DA:2,1
DA:4,1
DA:38,1
DA:40,1
DA:47,1
DA:48,4
DA:49,4
DA:50,4
DA:52,4
DA:58,3
DA:59,3
DA:60,3
DA:63,1
DA:67,1
LF:15
LH:15
BRDA:59,0,0,3
BRDA:59,0,1,0
BRF:2
BRH:1
end_of_record
TN:
SF:models\messages.js
FNF:0
FNH:0
DA:1,1
DA:2,1
DA:4,1
DA:21,1
LF:4
LH:4
BRF:0
BRH:0
end_of_record
TN:
SF:models\user.js
FN:51,(anonymous_0)
FNF:1
FNH:1
FNDA:1,(anonymous_0)
DA:1,1
DA:2,1
DA:4,1
DA:43,1
DA:45,1
DA:51,1
DA:52,1
DA:53,1
DA:55,1
DA:61,1
DA:62,1
DA:65,0
DA:69,1
LF:13
LH:12
BRDA:61,0,0,1
BRDA:61,0,1,0
BRF:2
BRH:1
end_of_record
TN:
SF:routes\auth.routes.js
FNF:0
FNH:0
DA:1,1
DA:2,1
DA:3,1
DA:4,1
DA:5,1
DA:6,1
DA:8,1
DA:9,1
DA:10,1
DA:11,1
DA:12,1
DA:13,1
DA:15,1
LF:13
LH:13
BRF:0
BRH:0
end_of_record
TN:
SF:routes\blogs.routes.js
FNF:0
FNH:0
DA:1,1
DA:2,1
DA:3,1
DA:4,1
DA:5,1
DA:7,1
DA:8,1
DA:9,1
DA:10,1
DA:11,1
DA:12,1
DA:13,1
DA:14,1
DA:16,1
LF:14
LH:14
BRF:0
BRH:0
end_of_record
TN:
SF:routes\contactMessage.routes.js
FNF:0
FNH:0
DA:1,1
DA:2,1
DA:3,1
DA:4,1
DA:6,1
DA:7,1
DA:9,1
LF:7
LH:7
BRF:0
BRH:0
end_of_record
